2023-10-11 09:21:32,484 [%PARSER_ERROR[Level]] com.springboot.blog.SpringbootBlogRestApiApplicationTests {main} Starting SpringbootBlogRestApiApplicationTests using Java 21 with PID 12488 (started by mariappan.sivakumar in C:\Users\mariappan.sivakumar\Documents\Java\springboot-blog-rest-api)
2023-10-11 09:21:32,494 [%PARSER_ERROR[Level]] com.springboot.blog.SpringbootBlogRestApiApplicationTests {main} Running with Spring Boot v3.1.4, Spring v6.0.12
2023-10-11 09:21:32,497 [%PARSER_ERROR[Level]] com.springboot.blog.SpringbootBlogRestApiApplicationTests {main} No active profile set, falling back to 1 default profile: "default"
2023-10-11 09:21:33,853 [%PARSER_ERROR[Level]] org.springframework.data.repository.config.RepositoryConfigurationDelegate {main} Bootstrapping Spring Data JPA repositories in DEFAULT mode.
2023-10-11 09:21:33,967 [%PARSER_ERROR[Level]] org.springframework.data.repository.config.RepositoryConfigurationDelegate {main} Finished Spring Data repository scanning in 102 ms. Found 5 JPA repository interfaces.
2023-10-11 09:21:35,053 [%PARSER_ERROR[Level]] org.hibernate.jpa.internal.util.LogHelper {main} HHH000204: Processing PersistenceUnitInfo [name: default]
2023-10-11 09:21:35,208 [%PARSER_ERROR[Level]] org.hibernate.Version {main} HHH000412: Hibernate ORM core version 6.2.9.Final
2023-10-11 09:21:35,211 [%PARSER_ERROR[Level]] org.hibernate.cfg.Environment {main} HHH000406: Using bytecode reflection optimizer
2023-10-11 09:21:35,532 [%PARSER_ERROR[Level]] org.hibernate.bytecode.internal.BytecodeProviderInitiator {main} HHH000021: Bytecode provider name : bytebuddy
2023-10-11 09:21:35,816 [%PARSER_ERROR[Level]] org.springframework.orm.jpa.persistenceunit.SpringPersistenceUnitInfo {main} No LoadTimeWeaver setup: ignoring JPA class transformer
2023-10-11 09:21:35,857 [%PARSER_ERROR[Level]] com.zaxxer.hikari.HikariDataSource {main} HikariPool-1 - Starting...
2023-10-11 09:21:36,512 [%PARSER_ERROR[Level]] com.zaxxer.hikari.pool.HikariPool {main} HikariPool-1 - Added connection com.mysql.cj.jdbc.ConnectionImpl@40538370
2023-10-11 09:21:36,514 [%PARSER_ERROR[Level]] com.zaxxer.hikari.HikariDataSource {main} HikariPool-1 - Start completed.
2023-10-11 09:21:37,030 [%PARSER_ERROR[Level]] org.hibernate.bytecode.internal.BytecodeProviderInitiator {main} HHH000021: Bytecode provider name : bytebuddy
2023-10-11 09:21:38,033 [%PARSER_ERROR[Level]] org.hibernate.engine.transaction.jta.platform.internal.JtaPlatformInitiator {main} HHH000490: Using JtaPlatform implementation: [org.hibernate.engine.transaction.jta.platform.internal.NoJtaPlatform]
2023-10-11 09:21:38,137 [%PARSER_ERROR[Level]] org.springframework.orm.jpa.LocalContainerEntityManagerFactoryBean {main} Initialized JPA EntityManagerFactory for persistence unit 'default'
2023-10-11 09:21:39,074 [%PARSER_ERROR[Level]] org.springframework.data.jpa.repository.query.QueryEnhancerFactory {main} Hibernate is in classpath; If applicable, HQL parser will be used.
2023-10-11 09:21:40,131 [%PARSER_ERROR[Level]] org.springframework.boot.autoconfigure.orm.jpa.JpaBaseConfiguration$JpaWebConfiguration {main} spring.jpa.open-in-view is enabled by default. Therefore, database queries may be performed during view rendering. Explicitly configure spring.jpa.open-in-view to disable this warning
2023-10-11 09:21:40,270 [%PARSER_ERROR[Level]] org.springframework.security.web.DefaultSecurityFilterChain {main} Will secure any request with [org.springframework.security.web.session.DisableEncodeUrlFilter@665902eb, org.springframework.security.web.context.request.async.WebAsyncManagerIntegrationFilter@60580e42, org.springframework.security.web.context.SecurityContextHolderFilter@4ff1f872, org.springframework.security.web.header.HeaderWriterFilter@5b71ccf2, org.springframework.security.web.authentication.logout.LogoutFilter@1bef1304, com.springboot.blog.security.JwtAuthenticationFilter@7cf166db, org.springframework.security.web.authentication.www.BasicAuthenticationFilter@63fcbf75, org.springframework.security.web.savedrequest.RequestCacheAwareFilter@12e5f7cb, org.springframework.security.web.servletapi.SecurityContextHolderAwareRequestFilter@6d821475, org.springframework.security.web.authentication.AnonymousAuthenticationFilter@6ca6d195, org.springframework.security.web.session.SessionManagementFilter@6e6bb211, org.springframework.security.web.access.ExceptionTranslationFilter@7731504, org.springframework.security.web.access.intercept.AuthorizationFilter@4d992634]
2023-10-11 09:21:40,716 [%PARSER_ERROR[Level]] org.springframework.boot.autoconfigure.web.servlet.WelcomePageHandlerMapping {main} Adding welcome page template: index
2023-10-11 09:21:41,327 [%PARSER_ERROR[Level]] com.springboot.blog.SpringbootBlogRestApiApplicationTests {main} Started SpringbootBlogRestApiApplicationTests in 9.282 seconds (process running for 10.744)
2023-10-11 09:21:42,216 [%PARSER_ERROR[Level]] org.springframework.orm.jpa.LocalContainerEntityManagerFactoryBean {SpringApplicationShutdownHook} Closing JPA EntityManagerFactory for persistence unit 'default'
2023-10-11 09:21:42,219 [%PARSER_ERROR[Level]] com.zaxxer.hikari.HikariDataSource {SpringApplicationShutdownHook} HikariPool-1 - Shutdown initiated...
2023-10-11 09:21:42,237 [%PARSER_ERROR[Level]] com.zaxxer.hikari.HikariDataSource {SpringApplicationShutdownHook} HikariPool-1 - Shutdown completed.
2023-10-11 09:22:01,857 [%PARSER_ERROR[Level]] com.springboot.blog.SpringbootBlogRestApiApplicationTests {main} Starting SpringbootBlogRestApiApplicationTests using Java 21 with PID 3044 (started by mariappan.sivakumar in C:\Users\mariappan.sivakumar\Documents\Java\springboot-blog-rest-api)
2023-10-11 09:22:01,859 [%PARSER_ERROR[Level]] com.springboot.blog.SpringbootBlogRestApiApplicationTests {main} Running with Spring Boot v3.1.4, Spring v6.0.12
2023-10-11 09:22:01,859 [%PARSER_ERROR[Level]] com.springboot.blog.SpringbootBlogRestApiApplicationTests {main} No active profile set, falling back to 1 default profile: "default"
2023-10-11 09:22:03,171 [%PARSER_ERROR[Level]] org.springframework.data.repository.config.RepositoryConfigurationDelegate {main} Bootstrapping Spring Data JPA repositories in DEFAULT mode.
2023-10-11 09:22:03,263 [%PARSER_ERROR[Level]] org.springframework.data.repository.config.RepositoryConfigurationDelegate {main} Finished Spring Data repository scanning in 81 ms. Found 5 JPA repository interfaces.
2023-10-11 09:22:04,231 [%PARSER_ERROR[Level]] org.hibernate.jpa.internal.util.LogHelper {main} HHH000204: Processing PersistenceUnitInfo [name: default]
2023-10-11 09:22:04,331 [%PARSER_ERROR[Level]] org.hibernate.Version {main} HHH000412: Hibernate ORM core version 6.2.9.Final
2023-10-11 09:22:04,335 [%PARSER_ERROR[Level]] org.hibernate.cfg.Environment {main} HHH000406: Using bytecode reflection optimizer
2023-10-11 09:22:04,605 [%PARSER_ERROR[Level]] org.hibernate.bytecode.internal.BytecodeProviderInitiator {main} HHH000021: Bytecode provider name : bytebuddy
2023-10-11 09:22:04,850 [%PARSER_ERROR[Level]] org.springframework.orm.jpa.persistenceunit.SpringPersistenceUnitInfo {main} No LoadTimeWeaver setup: ignoring JPA class transformer
2023-10-11 09:22:04,885 [%PARSER_ERROR[Level]] com.zaxxer.hikari.HikariDataSource {main} HikariPool-1 - Starting...
2023-10-11 09:22:05,510 [%PARSER_ERROR[Level]] com.zaxxer.hikari.pool.HikariPool {main} HikariPool-1 - Added connection com.mysql.cj.jdbc.ConnectionImpl@22cd8ec2
2023-10-11 09:22:05,514 [%PARSER_ERROR[Level]] com.zaxxer.hikari.HikariDataSource {main} HikariPool-1 - Start completed.
2023-10-11 09:22:06,038 [%PARSER_ERROR[Level]] org.hibernate.bytecode.internal.BytecodeProviderInitiator {main} HHH000021: Bytecode provider name : bytebuddy
2023-10-11 09:22:06,915 [%PARSER_ERROR[Level]] org.hibernate.engine.transaction.jta.platform.internal.JtaPlatformInitiator {main} HHH000490: Using JtaPlatform implementation: [org.hibernate.engine.transaction.jta.platform.internal.NoJtaPlatform]
2023-10-11 09:22:07,018 [%PARSER_ERROR[Level]] org.springframework.orm.jpa.LocalContainerEntityManagerFactoryBean {main} Initialized JPA EntityManagerFactory for persistence unit 'default'
2023-10-11 09:22:08,104 [%PARSER_ERROR[Level]] org.springframework.data.jpa.repository.query.QueryEnhancerFactory {main} Hibernate is in classpath; If applicable, HQL parser will be used.
2023-10-11 09:22:09,445 [%PARSER_ERROR[Level]] org.springframework.boot.autoconfigure.orm.jpa.JpaBaseConfiguration$JpaWebConfiguration {main} spring.jpa.open-in-view is enabled by default. Therefore, database queries may be performed during view rendering. Explicitly configure spring.jpa.open-in-view to disable this warning
2023-10-11 09:22:09,756 [%PARSER_ERROR[Level]] org.springframework.security.web.DefaultSecurityFilterChain {main} Will secure any request with [org.springframework.security.web.session.DisableEncodeUrlFilter@5524e471, org.springframework.security.web.context.request.async.WebAsyncManagerIntegrationFilter@3b6d94fc, org.springframework.security.web.context.SecurityContextHolderFilter@23e0ef68, org.springframework.security.web.header.HeaderWriterFilter@72378bfd, org.springframework.security.web.authentication.logout.LogoutFilter@54d5500e, com.springboot.blog.security.JwtAuthenticationFilter@b867869, org.springframework.security.web.authentication.www.BasicAuthenticationFilter@2d487df4, org.springframework.security.web.savedrequest.RequestCacheAwareFilter@27449f65, org.springframework.security.web.servletapi.SecurityContextHolderAwareRequestFilter@1ff55410, org.springframework.security.web.authentication.AnonymousAuthenticationFilter@71c77042, org.springframework.security.web.session.SessionManagementFilter@43c25e89, org.springframework.security.web.access.ExceptionTranslationFilter@40f88929, org.springframework.security.web.access.intercept.AuthorizationFilter@43e7ca6f]
2023-10-11 09:22:10,420 [%PARSER_ERROR[Level]] org.springframework.boot.autoconfigure.web.servlet.WelcomePageHandlerMapping {main} Adding welcome page template: index
2023-10-11 09:22:11,273 [%PARSER_ERROR[Level]] com.springboot.blog.SpringbootBlogRestApiApplicationTests {main} Started SpringbootBlogRestApiApplicationTests in 9.897 seconds (process running for 11.387)
2023-10-11 09:22:12,526 [%PARSER_ERROR[Level]] org.springframework.orm.jpa.LocalContainerEntityManagerFactoryBean {SpringApplicationShutdownHook} Closing JPA EntityManagerFactory for persistence unit 'default'
2023-10-11 09:22:12,531 [%PARSER_ERROR[Level]] com.zaxxer.hikari.HikariDataSource {SpringApplicationShutdownHook} HikariPool-1 - Shutdown initiated...
2023-10-11 09:22:12,557 [%PARSER_ERROR[Level]] com.zaxxer.hikari.HikariDataSource {SpringApplicationShutdownHook} HikariPool-1 - Shutdown completed.
2023-10-11 09:22:30,566 [%PARSER_ERROR[Level]] com.springboot.blog.SpringbootBlogRestApiApplicationTests {main} Starting SpringbootBlogRestApiApplicationTests using Java 21 with PID 21524 (started by mariappan.sivakumar in C:\Users\mariappan.sivakumar\Documents\Java\springboot-blog-rest-api)
2023-10-11 09:22:30,567 [%PARSER_ERROR[Level]] com.springboot.blog.SpringbootBlogRestApiApplicationTests {main} Running with Spring Boot v3.1.4, Spring v6.0.12
2023-10-11 09:22:30,568 [%PARSER_ERROR[Level]] com.springboot.blog.SpringbootBlogRestApiApplicationTests {main} No active profile set, falling back to 1 default profile: "default"
2023-10-11 09:22:31,819 [%PARSER_ERROR[Level]] org.springframework.data.repository.config.RepositoryConfigurationDelegate {main} Bootstrapping Spring Data JPA repositories in DEFAULT mode.
2023-10-11 09:22:31,911 [%PARSER_ERROR[Level]] org.springframework.data.repository.config.RepositoryConfigurationDelegate {main} Finished Spring Data repository scanning in 82 ms. Found 5 JPA repository interfaces.
2023-10-11 09:22:32,833 [%PARSER_ERROR[Level]] org.hibernate.jpa.internal.util.LogHelper {main} HHH000204: Processing PersistenceUnitInfo [name: default]
2023-10-11 09:22:32,938 [%PARSER_ERROR[Level]] org.hibernate.Version {main} HHH000412: Hibernate ORM core version 6.2.9.Final
2023-10-11 09:22:32,943 [%PARSER_ERROR[Level]] org.hibernate.cfg.Environment {main} HHH000406: Using bytecode reflection optimizer
2023-10-11 09:22:33,286 [%PARSER_ERROR[Level]] org.hibernate.bytecode.internal.BytecodeProviderInitiator {main} HHH000021: Bytecode provider name : bytebuddy
2023-10-11 09:22:33,508 [%PARSER_ERROR[Level]] org.springframework.orm.jpa.persistenceunit.SpringPersistenceUnitInfo {main} No LoadTimeWeaver setup: ignoring JPA class transformer
2023-10-11 09:22:33,534 [%PARSER_ERROR[Level]] com.zaxxer.hikari.HikariDataSource {main} HikariPool-1 - Starting...
2023-10-11 09:22:34,174 [%PARSER_ERROR[Level]] com.zaxxer.hikari.pool.HikariPool {main} HikariPool-1 - Added connection com.mysql.cj.jdbc.ConnectionImpl@204b0f07
2023-10-11 09:22:34,178 [%PARSER_ERROR[Level]] com.zaxxer.hikari.HikariDataSource {main} HikariPool-1 - Start completed.
2023-10-11 09:22:34,724 [%PARSER_ERROR[Level]] org.hibernate.bytecode.internal.BytecodeProviderInitiator {main} HHH000021: Bytecode provider name : bytebuddy
2023-10-11 09:22:35,645 [%PARSER_ERROR[Level]] org.hibernate.engine.transaction.jta.platform.internal.JtaPlatformInitiator {main} HHH000490: Using JtaPlatform implementation: [org.hibernate.engine.transaction.jta.platform.internal.NoJtaPlatform]
2023-10-11 09:22:35,740 [%PARSER_ERROR[Level]] org.springframework.orm.jpa.LocalContainerEntityManagerFactoryBean {main} Initialized JPA EntityManagerFactory for persistence unit 'default'
2023-10-11 09:22:36,507 [%PARSER_ERROR[Level]] org.springframework.data.jpa.repository.query.QueryEnhancerFactory {main} Hibernate is in classpath; If applicable, HQL parser will be used.
2023-10-11 09:22:37,299 [%PARSER_ERROR[Level]] org.springframework.boot.autoconfigure.orm.jpa.JpaBaseConfiguration$JpaWebConfiguration {main} spring.jpa.open-in-view is enabled by default. Therefore, database queries may be performed during view rendering. Explicitly configure spring.jpa.open-in-view to disable this warning
2023-10-11 09:22:37,394 [%PARSER_ERROR[Level]] org.springframework.security.web.DefaultSecurityFilterChain {main} Will secure any request with [org.springframework.security.web.session.DisableEncodeUrlFilter@b24e21f, org.springframework.security.web.context.request.async.WebAsyncManagerIntegrationFilter@43e7ca6f, org.springframework.security.web.context.SecurityContextHolderFilter@3e6b08d4, org.springframework.security.web.header.HeaderWriterFilter@2c332922, org.springframework.security.web.authentication.logout.LogoutFilter@7c3920a7, com.springboot.blog.security.JwtAuthenticationFilter@77e1b84c, org.springframework.security.web.authentication.www.BasicAuthenticationFilter@3c9e82a6, org.springframework.security.web.savedrequest.RequestCacheAwareFilter@18a9762, org.springframework.security.web.servletapi.SecurityContextHolderAwareRequestFilter@147c00c7, org.springframework.security.web.authentication.AnonymousAuthenticationFilter@2e3fdf30, org.springframework.security.web.session.SessionManagementFilter@4377b35b, org.springframework.security.web.access.ExceptionTranslationFilter@488ae823, org.springframework.security.web.access.intercept.AuthorizationFilter@37b0a724]
2023-10-11 09:22:37,808 [%PARSER_ERROR[Level]] org.springframework.boot.autoconfigure.web.servlet.WelcomePageHandlerMapping {main} Adding welcome page template: index
2023-10-11 09:22:38,330 [%PARSER_ERROR[Level]] com.springboot.blog.SpringbootBlogRestApiApplicationTests {main} Started SpringbootBlogRestApiApplicationTests in 8.094 seconds (process running for 9.505)
2023-10-11 09:22:39,166 [%PARSER_ERROR[Level]] org.springframework.orm.jpa.LocalContainerEntityManagerFactoryBean {SpringApplicationShutdownHook} Closing JPA EntityManagerFactory for persistence unit 'default'
2023-10-11 09:22:39,169 [%PARSER_ERROR[Level]] com.zaxxer.hikari.HikariDataSource {SpringApplicationShutdownHook} HikariPool-1 - Shutdown initiated...
2023-10-11 09:22:39,184 [%PARSER_ERROR[Level]] com.zaxxer.hikari.HikariDataSource {SpringApplicationShutdownHook} HikariPool-1 - Shutdown completed.
2023-10-11 09:27:12,173 [%PARSER_ERROR[Level]] com.springboot.blog.SpringbootBlogRestApiApplicationTests {main} Starting SpringbootBlogRestApiApplicationTests using Java 21 with PID 15696 (started by mariappan.sivakumar in C:\Users\mariappan.sivakumar\Documents\Java\springboot-blog-rest-api)
2023-10-11 09:27:12,174 [%PARSER_ERROR[Level]] com.springboot.blog.SpringbootBlogRestApiApplicationTests {main} Running with Spring Boot v3.1.4, Spring v6.0.12
2023-10-11 09:27:12,174 [%PARSER_ERROR[Level]] com.springboot.blog.SpringbootBlogRestApiApplicationTests {main} No active profile set, falling back to 1 default profile: "default"
2023-10-11 09:27:13,100 [%PARSER_ERROR[Level]] org.springframework.data.repository.config.RepositoryConfigurationDelegate {main} Bootstrapping Spring Data JPA repositories in DEFAULT mode.
2023-10-11 09:27:13,178 [%PARSER_ERROR[Level]] org.springframework.data.repository.config.RepositoryConfigurationDelegate {main} Finished Spring Data repository scanning in 60 ms. Found 5 JPA repository interfaces.
2023-10-11 09:27:13,872 [%PARSER_ERROR[Level]] org.hibernate.jpa.internal.util.LogHelper {main} HHH000204: Processing PersistenceUnitInfo [name: default]
2023-10-11 09:27:13,980 [%PARSER_ERROR[Level]] org.hibernate.Version {main} HHH000412: Hibernate ORM core version 6.2.9.Final
2023-10-11 09:27:13,983 [%PARSER_ERROR[Level]] org.hibernate.cfg.Environment {main} HHH000406: Using bytecode reflection optimizer
2023-10-11 09:27:14,194 [%PARSER_ERROR[Level]] org.hibernate.bytecode.internal.BytecodeProviderInitiator {main} HHH000021: Bytecode provider name : bytebuddy
2023-10-11 09:27:14,374 [%PARSER_ERROR[Level]] org.springframework.orm.jpa.persistenceunit.SpringPersistenceUnitInfo {main} No LoadTimeWeaver setup: ignoring JPA class transformer
2023-10-11 09:27:14,400 [%PARSER_ERROR[Level]] com.zaxxer.hikari.HikariDataSource {main} HikariPool-1 - Starting...
2023-10-11 09:27:14,841 [%PARSER_ERROR[Level]] com.zaxxer.hikari.pool.HikariPool {main} HikariPool-1 - Added connection com.mysql.cj.jdbc.ConnectionImpl@797f97e3
2023-10-11 09:27:14,843 [%PARSER_ERROR[Level]] com.zaxxer.hikari.HikariDataSource {main} HikariPool-1 - Start completed.
2023-10-11 09:27:15,216 [%PARSER_ERROR[Level]] org.hibernate.bytecode.internal.BytecodeProviderInitiator {main} HHH000021: Bytecode provider name : bytebuddy
2023-10-11 09:27:15,766 [%PARSER_ERROR[Level]] org.hibernate.engine.transaction.jta.platform.internal.JtaPlatformInitiator {main} HHH000490: Using JtaPlatform implementation: [org.hibernate.engine.transaction.jta.platform.internal.NoJtaPlatform]
2023-10-11 09:27:15,829 [%PARSER_ERROR[Level]] org.springframework.orm.jpa.LocalContainerEntityManagerFactoryBean {main} Initialized JPA EntityManagerFactory for persistence unit 'default'
2023-10-11 09:27:16,541 [%PARSER_ERROR[Level]] org.springframework.data.jpa.repository.query.QueryEnhancerFactory {main} Hibernate is in classpath; If applicable, HQL parser will be used.
2023-10-11 09:27:17,195 [%PARSER_ERROR[Level]] org.springframework.boot.autoconfigure.orm.jpa.JpaBaseConfiguration$JpaWebConfiguration {main} spring.jpa.open-in-view is enabled by default. Therefore, database queries may be performed during view rendering. Explicitly configure spring.jpa.open-in-view to disable this warning
2023-10-11 09:27:17,327 [%PARSER_ERROR[Level]] org.springframework.security.web.DefaultSecurityFilterChain {main} Will secure any request with [org.springframework.security.web.session.DisableEncodeUrlFilter@1ca876b7, org.springframework.security.web.context.request.async.WebAsyncManagerIntegrationFilter@36ba9aa3, org.springframework.security.web.context.SecurityContextHolderFilter@3d123d10, org.springframework.security.web.header.HeaderWriterFilter@67d8e214, org.springframework.security.web.authentication.logout.LogoutFilter@505e8d48, com.springboot.blog.security.JwtAuthenticationFilter@309b8144, org.springframework.security.web.authentication.www.BasicAuthenticationFilter@190677c6, org.springframework.security.web.savedrequest.RequestCacheAwareFilter@27b89e0a, org.springframework.security.web.servletapi.SecurityContextHolderAwareRequestFilter@6eed5b68, org.springframework.security.web.authentication.AnonymousAuthenticationFilter@54d5500e, org.springframework.security.web.session.SessionManagementFilter@6d398593, org.springframework.security.web.access.ExceptionTranslationFilter@7c6f91d2, org.springframework.security.web.access.intercept.AuthorizationFilter@4ff1f872]
2023-10-11 09:27:17,729 [%PARSER_ERROR[Level]] org.springframework.boot.autoconfigure.web.servlet.WelcomePageHandlerMapping {main} Adding welcome page template: index
2023-10-11 09:27:18,148 [%PARSER_ERROR[Level]] com.springboot.blog.SpringbootBlogRestApiApplicationTests {main} Started SpringbootBlogRestApiApplicationTests in 6.259 seconds (process running for 7.126)
2023-10-11 09:27:18,756 [%PARSER_ERROR[Level]] org.springframework.orm.jpa.LocalContainerEntityManagerFactoryBean {SpringApplicationShutdownHook} Closing JPA EntityManagerFactory for persistence unit 'default'
2023-10-11 09:27:18,762 [%PARSER_ERROR[Level]] com.zaxxer.hikari.HikariDataSource {SpringApplicationShutdownHook} HikariPool-1 - Shutdown initiated...
2023-10-11 09:27:18,775 [%PARSER_ERROR[Level]] com.zaxxer.hikari.HikariDataSource {SpringApplicationShutdownHook} HikariPool-1 - Shutdown completed.
